<?xml version="1.0" encoding="UTF-8"?>
<<<<<<< HEAD
<testsuite name="APITest" tests="1" skipped="1" failures="0" errors="0" timestamp="2025-07-08T19:20:17" hostname="Jennifers-MacBook-Pro-37.local" time="0.647">
  <properties/>
  <testcase name="getAPIkey()" classname="APITest" time="0.647">
=======
<testsuite name="APITest" tests="1" skipped="1" failures="0" errors="0" timestamp="2025-07-08T18:50:54" hostname="Jennifers-MacBook-Pro-37.local" time="5.809">
  <properties/>
  <testcase name="getAPIkey()" classname="APITest" time="5.809">
>>>>>>> 11c5b7401852c777232c7713934304dfaaac8a4d
    <skipped/>
  </testcase>
  <system-out><![CDATA[getAPIkey
Creating an API_Request about player: Bob
specific request Does not yet exist
Response code: 404
Error: connection to api has invalid response
]]></system-out>
  <system-err><![CDATA[]]></system-err>
</testsuite>
