<?xml version="1.0" encoding="UTF-8"?>
<testsuite name="APITest" tests="1" skipped="1" failures="0" errors="0" timestamp="2025-07-13T00:11:21" hostname="Jennifers-MacBook-Pro-37.local" time="0.777">
  <properties/>
  <testcase name="getAPIkey()" classname="APITest" time="0.777">
    <skipped/>
  </testcase>
  <system-out><![CDATA[getAPIkey
Creating an API_Request about player: Bob
specific request Does not yet exist
Response code: 404
Error: connection to api has invalid response
]]></system-out>
  <system-err><![CDATA[]]></system-err>
</testsuite>
